Android/usbBluetoothProjectAndroid/usbBluetoothStorage/build/outputs/logs/manifest-merger-debug-report.txt
-- Merging decision tree log ---
manifest
ADDED from src\main\AndroidManifest.xml:16:1-89:12
	package
		ADDED from src\main\AndroidManifest.xml:17:5-47
		INJECTED from src\main\AndroidManifest.xml
		INJECTED from src\main\AndroidManifest.xml
	android:versionName
		ADDED from src\main\AndroidManifest.xml:19:5-30
		INJECTED from src\main\AndroidManifest.xml
		INJECTED from src\main\AndroidManifest.xml
	android:versionCode
		ADDED from src\main\AndroidManifest.xml:18:5-28
		INJECTED from src\main\AndroidManifest.xml
		INJECTED from src\main\AndroidManifest.xml
	xmlns:android
		ADDED from src\main\AndroidManifest.xml:16:11-69
uses-sdk
ADDED from src\main\AndroidManifest.xml:21:5-23:41
MERGED from [aFileChooserExample:aFileChooser:unspecified] AndroidManifest.xml:20:5-22:40
	android:targetSdkVersion
		ADDED from src\main\AndroidManifest.xml:23:9-38
		INJECTED from src\main\AndroidManifest.xml
		INJECTED from src\main\AndroidManifest.xml
	android:minSdkVersion
		ADDED from src\main\AndroidManifest.xml:22:9-34
		INJECTED from src\main\AndroidManifest.xml
		INJECTED from src\main\AndroidManifest.xml
uses-permission#android.permission.READ_EXTERNAL_STORAGE
ADDED from src\main\AndroidManifest.xml:25:5-80
	android:name
		ADDED from src\main\AndroidManifest.xml:25:22-77
uses-permission#android.permission.BLUETOOTH
ADDED from src\main\AndroidManifest.xml:26:5-68
	android:name
		ADDED from src\main\AndroidManifest.xml:26:22-65
uses-permission#android.permission.BLUETOOTH_ADMIN
ADDED from src\main\AndroidManifest.xml:27:5-74
	android:name
		ADDED from src\main\AndroidManifest.xml:27:22-71
uses-permission#android.permission.WRITE_EXTERNAL_STORAGE
ADDED from src\main\AndroidManifest.xml:29:5-81
	android:name
		ADDED from src\main\AndroidManifest.xml:29:22-78
uses-permission#android.permission.READ_PHONE_STATE
ADDED from src\main\AndroidManifest.xml:30:5-75
	android:name
		ADDED from src\main\AndroidManifest.xml:30:22-72
uses-permission#android.permission.VIBRATE
ADDED from src\main\AndroidManifest.xml:31:5-65
	android:name
		ADDED from src\main\AndroidManifest.xml:31:22-63
application
ADDED from src\main\AndroidManifest.xml:33:5-87:19
	android:label
		ADDED from src\main\AndroidManifest.xml:36:9-41
	android:hardwareAccelerated
		ADDED from src\main\AndroidManifest.xml:34:9-43
	android:icon
		ADDED from src\main\AndroidManifest.xml:35:9-43
activity#com.ipaulpro.afilechooserexample.FileChooserExampleActivity
ADDED from src\main\AndroidManifest.xml:38:9-47:20
	android:configChanges
		ADDED from src\main\AndroidManifest.xml:40:13-63
	android:theme
		ADDED from src\main\AndroidManifest.xml:41:13-44
	android:name
		ADDED from src\main\AndroidManifest.xml:39:13-55
intent-filter#android.intent.action.VIEW+android.intent.category.DEFAULT
ADDED from src\main\AndroidManifest.xml:42:13-46:29
action#android.intent.action.VIEW
ADDED from src\main\AndroidManifest.xml:43:17-69
	android:name
		ADDED from src\main\AndroidManifest.xml:43:25-66
category#android.intent.category.DEFAULT
ADDED from src\main\AndroidManifest.xml:45:17-76
	android:name
		ADDED from src\main\AndroidManifest.xml:45:27-73
activity#com.ipaulpro.afilechooser.FileChooserActivity
ADDED from src\main\AndroidManifest.xml:48:9-64:20
	android:enabled
		ADDED from src\main\AndroidManifest.xml:51:13-49
	android:label
		ADDED from src\main\AndroidManifest.xml:54:13-48
	android:exported
		ADDED from src\main\AndroidManifest.xml:52:13-36
	android:configChanges
		ADDED from src\main\AndroidManifest.xml:50:13-63
	android:icon
		ADDED from src\main\AndroidManifest.xml:53:13-48
	android:theme
		ADDED from src\main\AndroidManifest.xml:55:13-48
	android:name
		ADDED from src\main\AndroidManifest.xml:49:13-73
intent-filter#android.intent.action.GET_CONTENT+android.intent.category.DEFAULT+android.intent.category.OPENABLE
ADDED from src\main\AndroidManifest.xml:56:13-63:29
action#android.intent.action.GET_CONTENT
ADDED from src\main\AndroidManifest.xml:57:17-76
	android:name
		ADDED from src\main\AndroidManifest.xml:57:25-73
category#android.intent.category.OPENABLE
ADDED from src\main\AndroidManifest.xml:60:17-77
	android:name
		ADDED from src\main\AndroidManifest.xml:60:27-74
data
ADDED from src\main\AndroidManifest.xml:62:17-48
	android:mimeType
		ADDED from src\main\AndroidManifest.xml:62:23-45
provider#com.ianhanniballake.localstorage.LocalStorageProvider
ADDED from src\main\AndroidManifest.xml:66:9-76:20
	android:authorities
		ADDED from src\main\AndroidManifest.xml:68:13-77
	android:enabled
		ADDED from src\main\AndroidManifest.xml:69:13-49
	android:grantUriPermissions
		ADDED from src\main\AndroidManifest.xml:71:13-47
	android:exported
		ADDED from src\main\AndroidManifest.xml:70:13-36
	android:permission
		ADDED from src\main\AndroidManifest.xml:72:13-69
	android:name
		ADDED from src\main\AndroidManifest.xml:67:13-81
intent-filter#android.content.action.DOCUMENTS_PROVIDER
ADDED from src\main\AndroidManifest.xml:73:13-75:29
action#android.content.action.DOCUMENTS_PROVIDER
ADDED from src\main\AndroidManifest.xml:74:17-84
	android:name
		ADDED from src\main\AndroidManifest.xml:74:25-81
activity#com.ipaulpro.afilechooserexample.MainActivity
ADDED from src\main\AndroidManifest.xml:78:9-86:20
	android:label
		ADDED from src\main\AndroidManifest.xml:80:13-56
	android:name
		ADDED from src\main\AndroidManifest.xml:79:13-41
intent-filter#android.intent.action.MAIN+android.intent.category.LAUNCHER
ADDED from src\main\AndroidManifest.xml:81:13-85:29
action#android.intent.action.MAIN
ADDED from src\main\AndroidManifest.xml:82:17-69
	android:name
		ADDED from src\main\AndroidManifest.xml:82:25-66
category#android.intent.category.LAUNCHER
ADDED from src\main\AndroidManifest.xml:84:17-77
	android:name
		ADDED from src\main\AndroidManifest.xml:84:27-74